server start
server start
events.js:174
      throw er; // Unhandled 'error' event
      ^

Error: listen EADDRINUSE: address already in use :::3000
    at Server.setupListenHandle [as _listen2] (net.js:1280:14)
    at listenInCluster (net.js:1328:12)
    at Server.listen (net.js:1415:7)
    at Function.listen (/home/sekiyu/SCCP/twitter/node_modules/express/lib/application.js:618:24)
    at Object.<anonymous> (/home/sekiyu/SCCP/twitter/index.js:211:5)
    at Module._compile (internal/modules/cjs/loader.js:778:30)
    at Object.Module._extensions..js (internal/modules/cjs/loader.js:789:10)
    at Module.load (internal/modules/cjs/loader.js:653:32)
    at tryModuleLoad (internal/modules/cjs/loader.js:593:12)
    at Function.Module._load (internal/modules/cjs/loader.js:585:3)
Emitted 'error' event at:
    at emitErrorNT (net.js:1307:8)
    at process._tickCallback (internal/process/next_tick.js:63:19)
    at Function.Module.runMain (internal/modules/cjs/loader.js:834:11)
    at startup (internal/bootstrap/node.js:283:19)
    at bootstrapNodeJSCore (internal/bootstrap/node.js:623:3)
server start
server start
server start
server start
server start
server start
/home/sekiyu/SCCP/twitter/node_modules/express/lib/router/index.js:464
      throw new TypeError('Router.use() requires a middleware function but got a ' + gettype(fn))
      ^

TypeError: Router.use() requires a middleware function but got a undefined
    at Function.use (/home/sekiyu/SCCP/twitter/node_modules/express/lib/router/index.js:464:13)
    at Function.<anonymous> (/home/sekiyu/SCCP/twitter/node_modules/express/lib/application.js:220:21)
    at Array.forEach (<anonymous>)
    at Function.use (/home/sekiyu/SCCP/twitter/node_modules/express/lib/application.js:217:7)
    at Object.<anonymous> (/home/sekiyu/SCCP/twitter/index.js:16:5)
    at Module._compile (internal/modules/cjs/loader.js:778:30)
    at Object.Module._extensions..js (internal/modules/cjs/loader.js:789:10)
    at Module.load (internal/modules/cjs/loader.js:653:32)
    at tryModuleLoad (internal/modules/cjs/loader.js:593:12)
    at Function.Module._load (internal/modules/cjs/loader.js:585:3)
server start
